<?xml version="1.0" encoding="UTF-8"?>
<!-- Generated by org.testng.reporters.JUnitXMLReporter -->
<testsuite ignored="0" hostname="CC-LT001048" failures="0" tests="4" name="Default test" time="5.254" errors="0" timestamp="2024-02-14T18:05:20 IST">
  <testcase classname="tests.APITest" name="testCreateRepository" time="2.85"/>
  <testcase classname="tests.APITest" name="testGetUserRepositories" time="0.408"/>
  <testcase classname="tests.APITest" name="testUpdateRepository" time="0.709"/>
  <testcase classname="tests.APITest" name="testDeleteRepository" time="0.597"/>
</testsuite> <!-- Default test -->
