<?xml version="1.0" encoding="UTF-8"?>
<!-- Generated by org.testng.reporters.JUnitXMLReporter -->
<testsuite ignored="0" hostname="CC-LT001048" failures="0" tests="4" name="Test" time="6.382" errors="0" timestamp="2024-02-15T13:52:29 IST">
  <testcase classname="tests.APITest" name="testCreateRepository" time="3.469"/>
  <testcase classname="tests.APITest" name="testGetUserRepositories" time="0.527"/>
  <testcase classname="tests.APITest" name="testUpdateRepository" time="0.838"/>
  <testcase classname="tests.APITest" name="testDeleteRepository" time="1.228"/>
</testsuite> <!-- Test -->
