<?xml version="1.0" encoding="UTF-8"?>
<testng-results ignored="0" total="4" passed="4" failed="0" skipped="0">
  <reporter-output>
  </reporter-output>
  <suite started-at="2024-02-15T13:52:23 IST" name="Suite" finished-at="2024-02-15T13:52:29 IST" duration-ms="6382">
    <groups>
    </groups>
    <test started-at="2024-02-15T13:52:23 IST" name="Test" finished-at="2024-02-15T13:52:29 IST" duration-ms="6382">
      <class name="tests.APITest">
        <test-method is-config="true" signature="loadPropertyFile()[pri:0, instance:tests.APITest@5fdcaa40]" started-at="2024-02-15T13:52:23 IST" name="loadPropertyFile" finished-at="2024-02-15T13:52:23 IST" duration-ms="7" status="PASS">
          <reporter-output>
          </reporter-output>
        </test-method> <!-- loadPropertyFile -->
        <test-method signature="testCreateRepository()[pri:1, instance:tests.APITest@5fdcaa40]" started-at="2024-02-15T13:52:23 IST" name="testCreateRepository" finished-at="2024-02-15T13:52:26 IST" duration-ms="3469" status="PASS">
          <reporter-output>
          </reporter-output>
        </test-method> <!-- testCreateRepository -->
        <test-method signature="testGetUserRepositories()[pri:2, instance:tests.APITest@5fdcaa40]" started-at="2024-02-15T13:52:26 IST" name="testGetUserRepositories" finished-at="2024-02-15T13:52:27 IST" duration-ms="527" status="PASS">
          <reporter-output>
          </reporter-output>
        </test-method> <!-- testGetUserRepositories -->
        <test-method signature="testUpdateRepository()[pri:3, instance:tests.APITest@5fdcaa40]" started-at="2024-02-15T13:52:27 IST" name="testUpdateRepository" finished-at="2024-02-15T13:52:28 IST" duration-ms="838" status="PASS">
          <reporter-output>
          </reporter-output>
        </test-method> <!-- testUpdateRepository -->
        <test-method signature="testDeleteRepository()[pri:4, instance:tests.APITest@5fdcaa40]" started-at="2024-02-15T13:52:28 IST" name="testDeleteRepository" finished-at="2024-02-15T13:52:29 IST" duration-ms="1228" status="PASS">
          <reporter-output>
          </reporter-output>
        </test-method> <!-- testDeleteRepository -->
      </class> <!-- tests.APITest -->
    </test> <!-- Test -->
  </suite> <!-- Suite -->
</testng-results>
